[2022-08-16T16:34:18.187] [ERROR] generalLogger - [Error: ENOENT: no such file or directory, open 'C:\Users\u610097\OneDrive - Telecom Argentina SA\Documents\Coder House\backEnd\middlewares\public\1660678458181-foto-danitorres.png'] {
  errno: -4058,
  code: 'ENOENT',
  syscall: 'open',
  path: 'C:\\Users\\u610097\\OneDrive - Telecom Argentina SA\\Documents\\Coder House\\backEnd\\middlewares\\public\\1660678458181-foto-danitorres.png',
  storageErrors: []
}
[2022-08-16T16:35:05.554] [ERROR] generalLogger - [Error: ENOENT: no such file or directory, open 'C:\Users\u610097\OneDrive - Telecom Argentina SA\Documents\Coder House\backEnd\middlewares\public\1660678505549-foto-danitorres.png'] {
  errno: -4058,
  code: 'ENOENT',
  syscall: 'open',
  path: 'C:\\Users\\u610097\\OneDrive - Telecom Argentina SA\\Documents\\Coder House\\backEnd\\middlewares\\public\\1660678505549-foto-danitorres.png',
  storageErrors: []
}
[2022-08-16T16:35:52.453] [ERROR] generalLogger - [Error: ENOENT: no such file or directory, open 'C:\Users\u610097\OneDrive - Telecom Argentina SA\Documents\Coder House\backEnd\middlewares\public\1660678552450-foto-danitorres.png'] {
  errno: -4058,
  code: 'ENOENT',
  syscall: 'open',
  path: 'C:\\Users\\u610097\\OneDrive - Telecom Argentina SA\\Documents\\Coder House\\backEnd\\middlewares\\public\\1660678552450-foto-danitorres.png',
  storageErrors: []
}
