[2022-06-16T00:03:13.704] [WARN] generalLogger - Ruta GET /favicon.ico no implementada
[2022-06-16T00:03:30.659] [WARN] generalLogger - Ruta GET /favicon.ico no implementada
[2022-06-16T00:03:54.839] [WARN] generalLogger - Ruta GET /api/no no implementada
[2022-06-16T00:03:55.038] [WARN] generalLogger - Ruta GET /favicon.ico no implementada
[2022-06-16T00:04:18.096] [WARN] generalLogger - Ruta GET /favicon.ico no implementada
[2022-06-16T00:04:32.516] [WARN] generalLogger - Ruta GET /favicon.ico no implementada
[2022-07-06T01:20:34.289] [WARN] generalLogger - Ruta GET /favicon.ico no implementada
[2022-07-06T01:20:59.061] [WARN] generalLogger - Ruta GET /favicon.ico no implementada
[2022-07-06T01:20:59.244] [WARN] generalLogger - Ruta GET /templates/productsList.hbs no implementada
[2022-07-06T01:24:26.893] [WARN] generalLogger - Ruta GET /templates/productsList.hbs no implementada
[2022-07-06T01:24:31.143] [WARN] generalLogger - Ruta GET /favicon.ico no implementada
[2022-07-06T01:24:49.031] [WARN] generalLogger - Ruta GET /favicon.ico no implementada
[2022-07-06T01:24:57.676] [WARN] generalLogger - Ruta GET /favicon.ico no implementada
[2022-07-06T01:24:58.133] [WARN] generalLogger - Ruta GET /templates/productsList.hbs no implementada
[2022-07-06T01:25:19.978] [WARN] generalLogger - Ruta GET /favicon.ico no implementada
[2022-07-06T01:25:23.525] [WARN] generalLogger - Ruta GET /favicon.ico no implementada
[2022-07-06T01:25:35.462] [WARN] generalLogger - Ruta GET /favicon.ico no implementada
[2022-07-06T01:25:42.826] [WARN] generalLogger - Ruta GET /favicon.ico no implementada
[2022-07-06T01:26:34.825] [WARN] generalLogger - Ruta GET /favicon.ico no implementada
[2022-07-06T01:26:46.060] [WARN] generalLogger - Ruta GET /favicon.ico no implementada
[2022-07-06T01:26:46.470] [WARN] generalLogger - Ruta GET /control no implementada
[2022-07-06T01:26:46.474] [WARN] generalLogger - Ruta GET /whisky no implementada
[2022-07-06T01:26:46.557] [WARN] generalLogger - Ruta GET /botella no implementada
[2022-07-06T01:26:46.707] [WARN] generalLogger - Ruta GET /dbccc no implementada
[2022-07-06T01:26:46.710] [WARN] generalLogger - Ruta GET /blockparty no implementada
[2022-07-06T01:26:46.801] [WARN] generalLogger - Ruta GET /termo.com no implementada
[2022-07-06T01:27:03.222] [WARN] generalLogger - Ruta GET /randoms no implementada
[2022-07-06T01:27:03.477] [WARN] generalLogger - Ruta GET /favicon.ico no implementada
[2022-07-06T01:29:54.355] [WARN] generalLogger - Ruta GET /favicon.ico no implementada
[2022-07-06T01:30:47.414] [WARN] generalLogger - Ruta GET /favicon.ico no implementada
